<?xml version="1.0" encoding="UTF-8"?>
<!-- Generated by org.testng.reporters.JUnitReportReporter -->
<testsuite hostname="DESKTOP-G3KPRKE" failures="0" tests="1" name="TestClasses.VerifyUserCanAddAddress" time="4.081" errors="0" timestamp="2022-07-28T19:45:09 IST" skipped="0">
  <testcase classname="TestClasses.VerifyUserCanAddAddress" name="verifyUserCanAddAddress" time="4.081"/>
  <system-out/>
</testsuite> <!-- TestClasses.VerifyUserCanAddAddress -->
