<?xml version="1.0" encoding="UTF-8"?>
<!-- Generated by org.testng.reporters.JUnitReportReporter -->
<testsuite hostname="DESKTOP-G3KPRKE" failures="0" tests="1" name="TestClasses.VerifyUserCanLogin" time="34.180" errors="0" timestamp="2022-07-28T19:45:09 IST" skipped="0">
  <testcase classname="TestClasses.VerifyUserCanLogin" name="verifyUserCanLogin" time="34.180"/>
  <system-out/>
</testsuite> <!-- TestClasses.VerifyUserCanLogin -->
